<?xml version="1.0" encoding="UTF-8"?>
<!-- Generated by org.testng.reporters.JUnitXMLReporter -->
<testsuite hostname="INBAGHPC00499" ignored="2" name="Test" tests="1" failures="0" timestamp="15 May 2019 11:28:31 GMT" time="2.128" errors="0">
  <testcase name="loginAsBankManager" time="2.113" classname="com.techm.testcases.LoginTest"/>
  <testcase name="@AfterSuite tearDown" time="0.0" classname="com.techm.Base.TestBase">
    <ignored/>
  </testcase> <!-- @AfterSuite tearDown -->
  <testcase name="@BeforeSuite setUp" time="0.0" classname="com.techm.Base.TestBase">
    <ignored/>
  </testcase> <!-- @BeforeSuite setUp -->
</testsuite> <!-- Test -->
