<?xml version="1.0" encoding="UTF-8"?>
<testng-results skipped="0" failed="0" ignored="0" total="2" passed="2">
  <reporter-output>
  </reporter-output>
  <suite name="Suite" duration-ms="5235" started-at="2019-05-16T11:19:38Z" finished-at="2019-05-16T11:19:43Z">
    <groups>
    </groups>
    <test name="BankManagerTest" duration-ms="2612" started-at="2019-05-16T11:19:38Z" finished-at="2019-05-16T11:19:40Z">
      <class name="com.techm.testcases.BankManagerLoginTest">
        <test-method status="PASS" signature="loginAsBankManager()[pri:0, instance:com.techm.testcases.BankManagerLoginTest@71e9ddb4]" name="loginAsBankManager" duration-ms="2587" started-at="2019-05-16T16:49:38Z" finished-at="2019-05-16T16:49:40Z">
          <reporter-output>
          </reporter-output>
        </test-method> <!-- loginAsBankManager -->
      </class> <!-- com.techm.testcases.BankManagerLoginTest -->
    </test> <!-- BankManagerTest -->
    <test name="AddCustomerTest" duration-ms="2604" started-at="2019-05-16T11:19:40Z" finished-at="2019-05-16T11:19:43Z">
      <class name="com.techm.testcases.AddCustomerTest">
        <test-method status="PASS" signature="setUp()[pri:0, instance:com.techm.testcases.AddCustomerTest@37271612]" name="setUp" is-config="true" duration-ms="7387" started-at="2019-05-16T16:49:30Z" finished-at="2019-05-16T16:49:38Z">
          <reporter-output>
          </reporter-output>
        </test-method> <!-- setUp -->
        <test-method status="PASS" signature="addCustomerTest(java.lang.String, java.lang.String, java.lang.String)[pri:0, instance:com.techm.testcases.AddCustomerTest@37271612]" name="addCustomerTest" duration-ms="2587" started-at="2019-05-16T16:49:40Z" data-provider="getData" finished-at="2019-05-16T16:49:43Z">
          <params>
            <param index="0">
              <value>
                <![CDATA[sudhir]]>
              </value>
            </param>
            <param index="1">
              <value>
                <![CDATA[chakravarthi]]>
              </value>
            </param>
            <param index="2">
              <value>
                <![CDATA[515001.0]]>
              </value>
            </param>
          </params>
          <reporter-output>
          </reporter-output>
        </test-method> <!-- addCustomerTest -->
        <test-method status="PASS" signature="tearDown()[pri:0, instance:com.techm.testcases.AddCustomerTest@37271612]" name="tearDown" is-config="true" duration-ms="3341" started-at="2019-05-16T16:49:43Z" finished-at="2019-05-16T16:49:46Z">
          <reporter-output>
          </reporter-output>
        </test-method> <!-- tearDown -->
      </class> <!-- com.techm.testcases.AddCustomerTest -->
    </test> <!-- AddCustomerTest -->
  </suite> <!-- Suite -->
</testng-results>
