<?xml version="1.0" encoding="UTF-8"?>
<testng-results skipped="0" failed="0" ignored="0" total="1" passed="1">
  <reporter-output>
  </reporter-output>
  <suite name="Data Driven Basics" duration-ms="2363" started-at="2019-02-09T11:31:33Z" finished-at="2019-02-09T11:31:36Z">
    <groups>
    </groups>
    <test name="LoginTest" duration-ms="2363" started-at="2019-02-09T11:31:33Z" finished-at="2019-02-09T11:31:36Z">
      <class name="com.techm.testcases.LoginTest">
        <test-method status="PASS" signature="setUp()[pri:0, instance:com.techm.testcases.LoginTest@6e0e048a]" name="setUp" is-config="true" duration-ms="17489" started-at="2019-02-09T17:01:16Z" finished-at="2019-02-09T17:01:33Z">
          <reporter-output>
          </reporter-output>
        </test-method> <!-- setUp -->
        <test-method status="PASS" signature="loginAsBankManager()[pri:0, instance:com.techm.testcases.LoginTest@6e0e048a]" name="loginAsBankManager" duration-ms="2250" started-at="2019-02-09T17:01:34Z" finished-at="2019-02-09T17:01:36Z">
          <reporter-output>
          </reporter-output>
        </test-method> <!-- loginAsBankManager -->
        <test-method status="PASS" signature="tearDown()[pri:0, instance:com.techm.testcases.LoginTest@6e0e048a]" name="tearDown" is-config="true" duration-ms="1774" started-at="2019-02-09T17:01:36Z" finished-at="2019-02-09T17:01:38Z">
          <reporter-output>
          </reporter-output>
        </test-method> <!-- tearDown -->
      </class> <!-- com.techm.testcases.LoginTest -->
    </test> <!-- LoginTest -->
  </suite> <!-- Data Driven Basics -->
</testng-results>
